Using pre-set license

 COMMAND LINE ARGUMENTS:
/Applications/Unity/Hub/Editor/2020.2.1f1/Unity.app/Contents/MacOS/Unity
-adb2
-batchMode
-noUpm
-name
AssetImportWorker0
-projectPath
/Users/christophercheung/Desktop/TaleBlazer/TaleBlazerAR/SnapObjects2
-logFile
Logs/AssetImportWorker0.log
-srvPort
51086
Successfully changed project path to: /Users/christophercheung/Desktop/TaleBlazer/TaleBlazerAR/SnapObjects2
/Users/christophercheung/Desktop/TaleBlazer/TaleBlazerAR/SnapObjects2
Using Asset Import Pipeline V2.
Refreshing native plugins compatible for Editor in 38.72 ms, found 1 plugins.
Preloading 0 native plugins for Editor in 0.00 ms.
Initialize engine version: 2020.2.1f1 (270dd8c3da1c)
[Subsystems] Discovering subsystems at path /Applications/Unity/Hub/Editor/2020.2.1f1/Unity.app/Contents/Resources/UnitySubsystems
[Subsystems] Discovering subsystems at path /Users/christophercheung/Desktop/TaleBlazer/TaleBlazerAR/SnapObjects2/Assets
GfxDevice: creating device client; threaded=0
2021-03-04 23:21:50.644 Unity[1100:964785] C27F398 preferred device: Intel(R) Iris(TM) Plus Graphics 645 (low power)
2021-03-04 23:21:50.644 Unity[1100:964785] Metal devices available: 1
2021-03-04 23:21:50.644 Unity[1100:964785] 0: Intel(R) Iris(TM) Plus Graphics 645 (low power)
2021-03-04 23:21:50.645 Unity[1100:964785] Using device Intel(R) Iris(TM) Plus Graphics 645 (low power)
Initializing Metal device caps: Intel(R) Iris(TM) Plus Graphics 645
Initialize mono
Mono path[0] = '/Applications/Unity/Hub/Editor/2020.2.1f1/Unity.app/Contents/Managed'
Mono path[1] = '/Applications/Unity/Hub/Editor/2020.2.1f1/Unity.app/Contents/MonoBleedingEdge/lib/mono/unityjit'
Mono config path = '/Applications/Unity/Hub/Editor/2020.2.1f1/Unity.app/Contents/MonoBleedingEdge/etc'
Using monoOptions --debugger-agent=transport=dt_socket,embedding=1,server=y,suspend=n,address=127.0.0.1:56100
Begin MonoManager ReloadAssembly
Registering precompiled unity dll's ...
Register platform support module: /Applications/Unity/Hub/Editor/2020.2.1f1/Unity.app/Contents/PlaybackEngines/MacStandaloneSupport/UnityEditor.OSXStandalone.Extensions.dll
Registered in 0.002089 seconds.
Native extension for OSXStandalone target not found
Refreshing native plugins compatible for Editor in 34.67 ms, found 1 plugins.
Preloading 0 native plugins for Editor in 0.00 ms.
Invoked RoslynAnalysisRunner static constructor.
RoslynAnalysisRunner will not be running.
RoslynAnalysisRunner has terminated.
Mono: successfully reloaded assembly
- Completed reload, in  3.153 seconds
Platform modules already initialized, skipping
Registering precompiled user dll's ...
Registered in 0.000935 seconds.
Begin MonoManager ReloadAssembly
Native extension for OSXStandalone target not found
Refreshing native plugins compatible for Editor in 33.09 ms, found 1 plugins.
Preloading 0 native plugins for Editor in 0.00 ms.
Invoked RoslynAnalysisRunner static constructor.
RoslynAnalysisRunner will not be running.
RoslynAnalysisRunner has terminated.
Mono: successfully reloaded assembly
- Completed reload, in  1.095 seconds
Platform modules already initialized, skipping
========================================================================
Worker process is ready to serve import requests
Launching external process: /Applications/Unity/Hub/Editor/2020.2.1f1/Unity.app/Contents/Tools/UnityShaderCompiler
Launched and connected shader compiler UnityShaderCompiler after 0.02 seconds
Refreshing native plugins compatible for Editor in 0.40 ms, found 1 plugins.
Preloading 0 native plugins for Editor in 0.00 ms.
Unloading 1485 Unused Serialized files (Serialized files now loaded: 0)
System memory in use before: 129.7 MB.
System memory in use after: 129.7 MB.

Unloading 12 unused Assets to reduce memory usage. Loaded Objects now: 1931.
Total: 2.844599 ms (FindLiveObjects: 0.272855 ms CreateObjectMapping: 0.115954 ms MarkObjects: 2.337312 ms  DeleteObjects: 0.116669 ms)

========================================================================
Received Import Request.
  path: Assets/Animations/Gesturer.controller
  artifactKey: Guid(169ee28e87b2a40749125fcb765a7312) Importer(815301076,1909f56bfc062723c751e8b465ee728b)
Start importing Assets/Animations/Gesturer.controller using Guid(169ee28e87b2a40749125fcb765a7312) Importer(815301076,1909f56bfc062723c751e8b465ee728b)  -> (artifact id: '8138edb80ab7abeaec1b744c2d29b723') in 0.305946 seconds
  Import took 0.310777 seconds .

========================================================================
Received Prepare
Registering precompiled user dll's ...
Registered in 0.001514 seconds.
Begin MonoManager ReloadAssembly
Native extension for OSXStandalone target not found
Refreshing native plugins compatible for Editor in 0.52 ms, found 1 plugins.
Preloading 0 native plugins for Editor in 0.00 ms.
Invoked RoslynAnalysisRunner static constructor.
RoslynAnalysisRunner will not be running.
RoslynAnalysisRunner has terminated.
Mono: successfully reloaded assembly
- Completed reload, in  1.109 seconds
Platform modules already initialized, skipping
Refreshing native plugins compatible for Editor in 0.49 ms, found 1 plugins.
Preloading 0 native plugins for Editor in 0.00 ms.
Unloading 1474 Unused Serialized files (Serialized files now loaded: 0)
System memory in use before: 132.9 MB.
System memory in use after: 132.9 MB.

Unloading 7 unused Assets to reduce memory usage. Loaded Objects now: 1934.
Total: 4.472879 ms (FindLiveObjects: 0.796700 ms CreateObjectMapping: 0.129369 ms MarkObjects: 3.461262 ms  DeleteObjects: 0.083424 ms)

