Using pre-set license

 COMMAND LINE ARGUMENTS:
/Applications/Unity/Hub/Editor/2020.2.1f1/Unity.app/Contents/MacOS/Unity
-adb2
-batchMode
-noUpm
-name
AssetImportWorker0
-projectPath
/Users/christophercheung/Desktop/TaleBlazer/TaleBlazerAR/SneakGame
-logFile
Logs/AssetImportWorker0.log
-srvPort
65288
Successfully changed project path to: /Users/christophercheung/Desktop/TaleBlazer/TaleBlazerAR/SneakGame
/Users/christophercheung/Desktop/TaleBlazer/TaleBlazerAR/SneakGame
Using Asset Import Pipeline V2.
Refreshing native plugins compatible for Editor in 49.06 ms, found 1 plugins.
Preloading 0 native plugins for Editor in 0.00 ms.
Initialize engine version: 2020.2.1f1 (270dd8c3da1c)
[Subsystems] Discovering subsystems at path /Applications/Unity/Hub/Editor/2020.2.1f1/Unity.app/Contents/Resources/UnitySubsystems
[Subsystems] Discovering subsystems at path /Users/christophercheung/Desktop/TaleBlazer/TaleBlazerAR/SneakGame/Assets
GfxDevice: creating device client; threaded=0
2021-01-24 13:48:54.250 Unity[85277:9858778] Color LCD preferred device: Intel(R) Iris(TM) Plus Graphics 645 (low power)
2021-01-24 13:48:54.250 Unity[85277:9858778] Metal devices available: 1
2021-01-24 13:48:54.250 Unity[85277:9858778] 0: Intel(R) Iris(TM) Plus Graphics 645 (low power)
2021-01-24 13:48:54.251 Unity[85277:9858778] Using device Intel(R) Iris(TM) Plus Graphics 645 (low power)
Initializing Metal device caps: Intel(R) Iris(TM) Plus Graphics 645
Shader 'Universal Render Pipeline/Particles/Lit': fallback shader 'Universal Render Pipeline/Particles/SimpleLit' not found
Initialize mono
Mono path[0] = '/Applications/Unity/Hub/Editor/2020.2.1f1/Unity.app/Contents/Managed'
Mono path[1] = '/Applications/Unity/Hub/Editor/2020.2.1f1/Unity.app/Contents/MonoBleedingEdge/lib/mono/unityjit'
Mono config path = '/Applications/Unity/Hub/Editor/2020.2.1f1/Unity.app/Contents/MonoBleedingEdge/etc'
Using monoOptions --debugger-agent=transport=dt_socket,embedding=1,server=y,suspend=n,address=127.0.0.1:56277
Begin MonoManager ReloadAssembly
Registering precompiled unity dll's ...
Register platform support module: /Applications/Unity/Hub/Editor/2020.2.1f1/Unity.app/Contents/PlaybackEngines/MacStandaloneSupport/UnityEditor.OSXStandalone.Extensions.dll
Registered in 0.003993 seconds.
Native extension for OSXStandalone target not found
Refreshing native plugins compatible for Editor in 47.63 ms, found 1 plugins.
Preloading 0 native plugins for Editor in 0.00 ms.
Invoked RoslynAnalysisRunner static constructor.
RoslynAnalysisRunner will not be running.
RoslynAnalysisRunner has terminated.
Mono: successfully reloaded assembly
- Completed reload, in  7.608 seconds
Platform modules already initialized, skipping
Registering precompiled user dll's ...
Registered in 0.004075 seconds.
Begin MonoManager ReloadAssembly
Native extension for OSXStandalone target not found
Refreshing native plugins compatible for Editor in 48.24 ms, found 1 plugins.
Preloading 0 native plugins for Editor in 0.00 ms.
Invoked RoslynAnalysisRunner static constructor.
RoslynAnalysisRunner will not be running.
RoslynAnalysisRunner has terminated.
Mono: successfully reloaded assembly
- Completed reload, in  1.192 seconds
Platform modules already initialized, skipping
========================================================================
Worker process is ready to serve import requests
Shader 'Universal Render Pipeline/Particles/Lit': fallback shader 'Universal Render Pipeline/Particles/SimpleLit' not found
Launching external process: /Applications/Unity/Hub/Editor/2020.2.1f1/Unity.app/Contents/Tools/UnityShaderCompiler
Launched and connected shader compiler UnityShaderCompiler after 0.02 seconds
Refreshing native plugins compatible for Editor in 0.52 ms, found 1 plugins.
Preloading 0 native plugins for Editor in 0.00 ms.
Unloading 2715 Unused Serialized files (Serialized files now loaded: 0)
System memory in use before: 192.2 MB.
System memory in use after: 192.4 MB.

Unloading 12 unused Assets to reduce memory usage. Loaded Objects now: 3156.
Total: 3.426203 ms (FindLiveObjects: 0.483819 ms CreateObjectMapping: 0.248125 ms MarkObjects: 2.593406 ms  DeleteObjects: 0.099061 ms)

========================================================================
Received Import Request.
  path: Assets/Rendering/CustomForwardRendererData.asset
  artifactKey: Guid(632bec724cfda479f9db892ed6eb873e) Importer(815301076,1909f56bfc062723c751e8b465ee728b)
Start importing Assets/Rendering/CustomForwardRendererData.asset using Guid(632bec724cfda479f9db892ed6eb873e) Importer(815301076,1909f56bfc062723c751e8b465ee728b)  -> (artifact id: '1aaafe58ae8f8a417231175fe8eba384') in 0.271793 seconds
  Import took 0.278664 seconds .

========================================================================
Received Import Request.
  Time since last request: 0.000237 seconds.
  path: Assets/Rendering/AR Camera Profile.asset
  artifactKey: Guid(a7287870b91d64c3d990202e90cfe644) Importer(815301076,1909f56bfc062723c751e8b465ee728b)
Start importing Assets/Rendering/AR Camera Profile.asset using Guid(a7287870b91d64c3d990202e90cfe644) Importer(815301076,1909f56bfc062723c751e8b465ee728b)  -> (artifact id: '5abc96c728ea2e6014842704d0ae2c30') in 0.013225 seconds
  Import took 0.017480 seconds .

========================================================================
Received Import Request.
  Time since last request: 0.000199 seconds.
  path: Assets/Rendering/UniversalRenderPipelineAsset.asset
  artifactKey: Guid(bfcc266c310404964a7c0fcf2c686a3d) Importer(815301076,1909f56bfc062723c751e8b465ee728b)
Start importing Assets/Rendering/UniversalRenderPipelineAsset.asset using Guid(bfcc266c310404964a7c0fcf2c686a3d) Importer(815301076,1909f56bfc062723c751e8b465ee728b)  -> (artifact id: '2b410459801d5f4789069aca67db742d') in 0.002393 seconds
  Import took 0.006113 seconds .

